<?xml version="1.0" encoding="UTF-8"?>
<!-- Generated by org.testng.reporters.JUnitReportReporter -->
<testsuite hostname="LAPTOP-7V80GB5P" failures="0" tests="1" name="com.qa.testLayer.HomePageTestClass" time="34.537" errors="0" timestamp="2022-03-06T13:58:25 IST" skipped="0">
  <testcase classname="com.qa.testLayer.HomePageTestClass" name="TestCase1" time="34.537"/>
  <system-out/>
</testsuite> <!-- com.qa.testLayer.HomePageTestClass -->
